platforms/android/build/outputs/apk/manifest-merger-release-report.txt
-- Merging decision tree log ---
manifest
ADDED from AndroidManifest.xml:2:1
	package
		ADDED from AndroidManifest.xml:2:102
	android:versionName
		ADDED from AndroidManifest.xml:2:74
	android:hardwareAccelerated
		ADDED from AndroidManifest.xml:2:11
	android:versionCode
		ADDED from AndroidManifest.xml:2:46
		INJECTED from AndroidManifest.xml:0:0
		INJECTED from AndroidManifest.xml:0:0
	xmlns:android
		ADDED from AndroidManifest.xml:2:144
supports-screens
ADDED from AndroidManifest.xml:3:5
	android:largeScreens
		ADDED from AndroidManifest.xml:3:49
	android:smallScreens
		ADDED from AndroidManifest.xml:3:132
	android:normalScreens
		ADDED from AndroidManifest.xml:3:77
	android:xlargeScreens
		ADDED from AndroidManifest.xml:3:160
	android:resizeable
		ADDED from AndroidManifest.xml:3:106
	android:anyDensity
		ADDED from AndroidManifest.xml:3:23
uses-permission#android.permission.INTERNET
ADDED from AndroidManifest.xml:4:5
	android:name
		ADDED from AndroidManifest.xml:4:22
uses-permission#android.permission.ACCESS_NETWORK_STATE
ADDED from AndroidManifest.xml:5:5
	android:name
		ADDED from AndroidManifest.xml:5:22
uses-permission#android.permission.ACCESS_WIFI_STATE
ADDED from AndroidManifest.xml:6:5
	android:name
		ADDED from AndroidManifest.xml:6:22
application
ADDED from AndroidManifest.xml:7:5
	android:label
		ADDED from AndroidManifest.xml:7:83
	android:supportsRtl
		ADDED from AndroidManifest.xml:7:116
	android:hardwareAccelerated
		ADDED from AndroidManifest.xml:7:18
	android:icon
		ADDED from AndroidManifest.xml:7:53
activity#com.startapp.android.publish.list3d.List3DActivity
ADDED from AndroidManifest.xml:8:9
	android:launchMode
		ADDED from AndroidManifest.xml:8:19
	android:theme
		ADDED from AndroidManifest.xml:8:116
	android:name
		ADDED from AndroidManifest.xml:8:50
activity#com.startapp.android.publish.AppWallActivity
ADDED from AndroidManifest.xml:9:9
	android:configChanges
		ADDED from AndroidManifest.xml:9:19
	android:theme
		ADDED from AndroidManifest.xml:9:141
	android:name
		ADDED from AndroidManifest.xml:9:81
activity#com.startapp.android.publish.FullScreenActivity
ADDED from AndroidManifest.xml:10:9
	android:configChanges
		ADDED from AndroidManifest.xml:10:19
	android:theme
		ADDED from AndroidManifest.xml:10:144
	android:name
		ADDED from AndroidManifest.xml:10:81
activity#com.dhiegoatencio.listadecompra.MainActivity
ADDED from AndroidManifest.xml:11:9
	android:label
		ADDED from AndroidManifest.xml:11:97
	android:launchMode
		ADDED from AndroidManifest.xml:11:135
	android:windowSoftInputMode
		ADDED from AndroidManifest.xml:11:248
	android:configChanges
		ADDED from AndroidManifest.xml:11:19
	android:theme
		ADDED from AndroidManifest.xml:11:194
	android:name
		ADDED from AndroidManifest.xml:11:166
intent-filter#android.intent.action.MAIN+android.intent.category.LAUNCHER
ADDED from AndroidManifest.xml:12:13
	android:label
		ADDED from AndroidManifest.xml:12:28
action#android.intent.action.MAIN
ADDED from AndroidManifest.xml:13:17
	android:name
		ADDED from AndroidManifest.xml:13:25
category#android.intent.category.LAUNCHER
ADDED from AndroidManifest.xml:14:17
	android:name
		ADDED from AndroidManifest.xml:14:27
meta-data#com.google.android.gms.version
ADDED from AndroidManifest.xml:17:9
	android:value
		ADDED from AndroidManifest.xml:17:66
	android:name
		ADDED from AndroidManifest.xml:17:20
activity#com.google.android.gms.ads.AdActivity
ADDED from AndroidManifest.xml:18:9
	android:configChanges
		ADDED from AndroidManifest.xml:18:19
	android:theme
		ADDED from AndroidManifest.xml:18:182
	android:name
		ADDED from AndroidManifest.xml:18:129
uses-sdk
ADDED from AndroidManifest.xml:20:5
MERGED from android:CordovaLib:unspecified:release:25:5
	android:targetSdkVersion
		ADDED from AndroidManifest.xml:20:42
	android:minSdkVersion
		ADDED from AndroidManifest.xml:20:15